src/App.tsx(1,1): error TS6133: 'React' is declared but its value is never read.
src/components/Footer.tsx(1,1): error TS6133: 'React' is declared but its value is never read.
src/components/StationDropdown.tsx(1,8): error TS6133: 'React' is declared but its value is never read.
src/components/StationDropdown.tsx(4,28): error TS7031: Binding element 'stations' implicitly has an 'any' type.
src/components/StationDropdown.tsx(4,38): error TS7031: Binding element 'selected' implicitly has an 'any' type.
src/components/StationDropdown.tsx(4,48): error TS7031: Binding element 'onSelect' implicitly has an 'any' type.
src/components/StationDropdown.tsx(9,6): error TS7006: Parameter 's' implicitly has an 'any' type.
src/components/StationDropdown.tsx(14,42): error TS7006: Parameter 's' implicitly has an 'any' type.
src/components/StationDropdown.tsx(49,29): error TS7006: Parameter 's' implicitly has an 'any' type.
src/pages/CitizenHome.tsx(4,1): error TS6133: 'Footer' is declared but its value is never read.
src/pages/CitizenHome.tsx(5,28): error TS6133: 'Shield' is declared but its value is never read.
src/pages/CitizenProfile.tsx(1,1): error TS6133: 'React' is declared but its value is never read.
src/pages/LandingPage.tsx(1,1): error TS6133: 'React' is declared but its value is never read.
src/pages/LandingPage.tsx(6,1): error TS6133: 'Footer' is declared but its value is never read.
